<?xml version="1.0" encoding="UTF-8"?>
<!-- Generated by org.testng.reporters.JUnitReportReporter -->
<testsuite skipped="0" hostname="BDC11-L-7200C19" name="com.assignment.appium.test.TestClass" tests="1" failures="0" timestamp="22 Apr 2020 12:02:47 GMT" time="98.627" errors="0">
  <testcase name="basicTest" time="98.627" classname="com.assignment.appium.test.TestClass"/>
</testsuite> <!-- com.assignment.appium.test.TestClass -->
